Flow report for serial
Mon Mar 22 12:16:09 2021
Quartus Prime Version 18.1.0 Build 625 09/12/2018 SJ Lite Edition


---------------------
; Table of Contents ;
---------------------
  1. Legal Notice
  2. Flow Summary
  3. Flow Settings
  4. Flow Non-Default Global Settings
  5. Flow Elapsed Time
  6. Flow OS Summary
  7. Flow Log
  8. Flow Messages
  9. Flow Suppressed Messages



----------------
; Legal Notice ;
----------------
Copyright (C) 2018  Intel Corporation. All rights reserved.
Your use of Intel Corporation's design tools, logic functions 
and other software and tools, and its AMPP partner logic 
functions, and any output files from any of the foregoing 
(including device programming or simulation files), and any 
associated documentation or information are expressly subject 
to the terms and conditions of the Intel Program License 
Subscription Agreement, the Intel Quartus Prime License Agreement,
the Intel FPGA IP License Agreement, or other applicable license
agreement, including, without limitation, that your use is for
the sole purpose of programming logic devices manufactured by
Intel and sold by Intel or its authorized distributors.  Please
refer to the applicable agreement for further details.



+----------------------------------------------------------------------------------+
; Flow Summary                                                                     ;
+------------------------------------+---------------------------------------------+
; Flow Status                        ; Successful - Mon Mar 22 12:16:09 2021       ;
; Quartus Prime Version              ; 18.1.0 Build 625 09/12/2018 SJ Lite Edition ;
; Revision Name                      ; serial                                      ;
; Top-level Entity Name              ; serial                                      ;
; Family                             ; MAX 10                                      ;
; Device                             ; 10M08DAF484C8G                              ;
; Timing Models                      ; Final                                       ;
; Total logic elements               ; 43 / 8,064 ( < 1 % )                        ;
;     Total combinational functions  ; 38 / 8,064 ( < 1 % )                        ;
;     Dedicated logic registers      ; 31 / 8,064 ( < 1 % )                        ;
; Total registers                    ; 40                                          ;
; Total pins                         ; 28 / 250 ( 11 % )                           ;
; Total virtual pins                 ; 0                                           ;
; Total memory bits                  ; 0 / 387,072 ( 0 % )                         ;
; Embedded Multiplier 9-bit elements ; 0 / 48 ( 0 % )                              ;
; Total PLLs                         ; 0 / 2 ( 0 % )                               ;
; UFM blocks                         ; 0 / 1 ( 0 % )                               ;
; ADC blocks                         ; 0 / 1 ( 0 % )                               ;
+------------------------------------+---------------------------------------------+


+-----------------------------------------+
; Flow Settings                           ;
+-------------------+---------------------+
; Option            ; Setting             ;
+-------------------+---------------------+
; Start date & time ; 03/22/2021 12:14:36 ;
; Main task         ; Compilation         ;
; Revision Name     ; serial              ;
+-------------------+---------------------+


+---------------------------------------------------------------------------------------------------------------------------------------------------------+
; Flow Non-Default Global Settings                                                                                                                        ;
+-------------------------------------+--------------------------------------------------------------------+---------------+-------------+----------------+
; Assignment Name                     ; Value                                                              ; Default Value ; Entity Name ; Section Id     ;
+-------------------------------------+--------------------------------------------------------------------+---------------+-------------+----------------+
; COMPILER_SIGNATURE_ID               ; 93186101145607.161641167523176                                     ; --            ; --          ; --             ;
; EDA_OUTPUT_DATA_FORMAT              ; Verilog Hdl                                                        ; --            ; --          ; eda_simulation ;
; EDA_SIMULATION_TOOL                 ; ModelSim (Verilog)                                                 ; <None>        ; --          ; --             ;
; EDA_TIME_SCALE                      ; 1 ps                                                               ; --            ; --          ; eda_simulation ;
; MAX_CORE_JUNCTION_TEMP              ; 85                                                                 ; --            ; --          ; --             ;
; MIN_CORE_JUNCTION_TEMP              ; 0                                                                  ; --            ; --          ; --             ;
; MISC_FILE                           ; D:/Workspaces/Projects/In_Progress/tut_modelsim/example/serial.dpf ; --            ; --          ; --             ;
; PARTITION_COLOR                     ; -- (Not supported for targeted family)                             ; --            ; --          ; Top            ;
; PARTITION_FITTER_PRESERVATION_LEVEL ; -- (Not supported for targeted family)                             ; --            ; --          ; Top            ;
; PARTITION_NETLIST_TYPE              ; -- (Not supported for targeted family)                             ; --            ; --          ; Top            ;
; POWER_BOARD_THERMAL_MODEL           ; None (CONSERVATIVE)                                                ; --            ; --          ; --             ;
; POWER_PRESET_COOLING_SOLUTION       ; 23 MM HEAT SINK WITH 200 LFPM AIRFLOW                              ; --            ; --          ; --             ;
+-------------------------------------+--------------------------------------------------------------------+---------------+-------------+----------------+


+--------------------------------------------------------------------------------------------------------------------------+
; Flow Elapsed Time                                                                                                        ;
+----------------------+--------------+-------------------------+---------------------+------------------------------------+
; Module Name          ; Elapsed Time ; Average Processors Used ; Peak Virtual Memory ; Total CPU Time (on all processors) ;
+----------------------+--------------+-------------------------+---------------------+------------------------------------+
; Analysis & Synthesis ; 00:00:38     ; 1.0                     ; 4752 MB             ; 00:00:55                           ;
; Fitter               ; 00:00:17     ; 1.0                     ; 5292 MB             ; 00:00:16                           ;
; Assembler            ; 00:00:03     ; 1.0                     ; 4679 MB             ; 00:00:02                           ;
; Timing Analyzer      ; 00:00:17     ; 1.0                     ; 4761 MB             ; 00:00:09                           ;
; EDA Netlist Writer   ; 00:00:04     ; 1.0                     ; 4646 MB             ; 00:00:02                           ;
; Total                ; 00:01:19     ; --                      ; --                  ; 00:01:24                           ;
+----------------------+--------------+-------------------------+---------------------+------------------------------------+


+------------------------------------------------------------------------------------+
; Flow OS Summary                                                                    ;
+----------------------+------------------+------------+------------+----------------+
; Module Name          ; Machine Hostname ; OS Name    ; OS Version ; Processor type ;
+----------------------+------------------+------------+------------+----------------+
; Analysis & Synthesis ; HY-RD-17-008LX   ; Windows 10 ; 10.0       ; x86_64         ;
; Fitter               ; HY-RD-17-008LX   ; Windows 10 ; 10.0       ; x86_64         ;
; Assembler            ; HY-RD-17-008LX   ; Windows 10 ; 10.0       ; x86_64         ;
; Timing Analyzer      ; HY-RD-17-008LX   ; Windows 10 ; 10.0       ; x86_64         ;
; EDA Netlist Writer   ; HY-RD-17-008LX   ; Windows 10 ; 10.0       ; x86_64         ;
+----------------------+------------------+------------+------------+----------------+


------------
; Flow Log ;
------------
quartus_map --read_settings_files=on --write_settings_files=off serial -c serial
quartus_fit --read_settings_files=off --write_settings_files=off serial -c serial
quartus_asm --read_settings_files=off --write_settings_files=off serial -c serial
quartus_sta serial -c serial
quartus_eda --read_settings_files=off --write_settings_files=off serial -c serial



