Analysis & Synthesis report for serial
Mon Mar 22 12:15:12 2021
Quartus Prime Version 18.1.0 Build 625 09/12/2018 SJ Lite Edition


---------------------
; Table of Contents ;
---------------------
  1. Legal Notice
  2. Analysis & Synthesis Summary
  3. Analysis & Synthesis Settings
  4. Parallel Compilation
  5. Analysis & Synthesis Source Files Read
  6. Analysis & Synthesis Resource Usage Summary
  7. Analysis & Synthesis Resource Utilization by Entity
  8. State Machine - |serial|FSM:my_control|current_state
  9. Registers Removed During Synthesis
 10. General Register Statistics
 11. Multiplexer Restructuring Statistics (Restructuring Performed)
 12. Parameter Settings for User Entity Instance: FSM:my_control
 13. Parameter Settings for User Entity Instance: shift_reg:reg_A
 14. Parameter Settings for User Entity Instance: shift_reg:reg_B
 15. Parameter Settings for User Entity Instance: shift_reg:reg_sum
 16. Port Connectivity Checks: "shift_reg:reg_sum"
 17. Port Connectivity Checks: "shift_reg:reg_B"
 18. Port Connectivity Checks: "shift_reg:reg_A"
 19. Post-Synthesis Netlist Statistics for Top Partition
 20. Elapsed Time Per Partition
 21. Analysis & Synthesis Messages
 22. Analysis & Synthesis Suppressed Messages



----------------
; Legal Notice ;
----------------
Copyright (C) 2018  Intel Corporation. All rights reserved.
Your use of Intel Corporation's design tools, logic functions 
and other software and tools, and its AMPP partner logic 
functions, and any output files from any of the foregoing 
(including device programming or simulation files), and any 
associated documentation or information are expressly subject 
to the terms and conditions of the Intel Program License 
Subscription Agreement, the Intel Quartus Prime License Agreement,
the Intel FPGA IP License Agreement, or other applicable license
agreement, including, without limitation, that your use is for
the sole purpose of programming logic devices manufactured by
Intel and sold by Intel or its authorized distributors.  Please
refer to the applicable agreement for further details.



+----------------------------------------------------------------------------------+
; Analysis & Synthesis Summary                                                     ;
+------------------------------------+---------------------------------------------+
; Analysis & Synthesis Status        ; Successful - Mon Mar 22 12:15:12 2021       ;
; Quartus Prime Version              ; 18.1.0 Build 625 09/12/2018 SJ Lite Edition ;
; Revision Name                      ; serial                                      ;
; Top-level Entity Name              ; serial                                      ;
; Family                             ; MAX 10                                      ;
; Total logic elements               ; 37                                          ;
;     Total combinational functions  ; 37                                          ;
;     Dedicated logic registers      ; 32                                          ;
; Total registers                    ; 32                                          ;
; Total pins                         ; 28                                          ;
; Total virtual pins                 ; 0                                           ;
; Total memory bits                  ; 0                                           ;
; Embedded Multiplier 9-bit elements ; 0                                           ;
; Total PLLs                         ; 0                                           ;
; UFM blocks                         ; 0                                           ;
; ADC blocks                         ; 0                                           ;
+------------------------------------+---------------------------------------------+


+------------------------------------------------------------------------------------------------------------+
; Analysis & Synthesis Settings                                                                              ;
+------------------------------------------------------------------+--------------------+--------------------+
; Option                                                           ; Setting            ; Default Value      ;
+------------------------------------------------------------------+--------------------+--------------------+
; Device                                                           ; 10M08DAF484C8G     ;                    ;
; Top-level entity name                                            ; serial             ; serial             ;
; Family name                                                      ; MAX 10             ; Cyclone V          ;
; Use smart compilation                                            ; Off                ; Off                ;
; Enable parallel Assembler and Timing Analyzer during compilation ; On                 ; On                 ;
; Enable compact report table                                      ; Off                ; Off                ;
; Restructure Multiplexers                                         ; Auto               ; Auto               ;
; Create Debugging Nodes for IP Cores                              ; Off                ; Off                ;
; Preserve fewer node names                                        ; On                 ; On                 ;
; Intel FPGA IP Evaluation Mode                                    ; Enable             ; Enable             ;
; Verilog Version                                                  ; Verilog_2001       ; Verilog_2001       ;
; VHDL Version                                                     ; VHDL_1993          ; VHDL_1993          ;
; State Machine Processing                                         ; Auto               ; Auto               ;
; Safe State Machine                                               ; Off                ; Off                ;
; Extract Verilog State Machines                                   ; On                 ; On                 ;
; Extract VHDL State Machines                                      ; On                 ; On                 ;
; Ignore Verilog initial constructs                                ; Off                ; Off                ;
; Iteration limit for constant Verilog loops                       ; 5000               ; 5000               ;
; Iteration limit for non-constant Verilog loops                   ; 250                ; 250                ;
; Add Pass-Through Logic to Inferred RAMs                          ; On                 ; On                 ;
; Infer RAMs from Raw Logic                                        ; On                 ; On                 ;
; Parallel Synthesis                                               ; On                 ; On                 ;
; DSP Block Balancing                                              ; Auto               ; Auto               ;
; NOT Gate Push-Back                                               ; On                 ; On                 ;
; Power-Up Don't Care                                              ; On                 ; On                 ;
; Remove Redundant Logic Cells                                     ; Off                ; Off                ;
; Remove Duplicate Registers                                       ; On                 ; On                 ;
; Ignore CARRY Buffers                                             ; Off                ; Off                ;
; Ignore CASCADE Buffers                                           ; Off                ; Off                ;
; Ignore GLOBAL Buffers                                            ; Off                ; Off                ;
; Ignore ROW GLOBAL Buffers                                        ; Off                ; Off                ;
; Ignore LCELL Buffers                                             ; Off                ; Off                ;
; Ignore SOFT Buffers                                              ; On                 ; On                 ;
; Limit AHDL Integers to 32 Bits                                   ; Off                ; Off                ;
; Optimization Technique                                           ; Balanced           ; Balanced           ;
; Carry Chain Length                                               ; 70                 ; 70                 ;
; Auto Carry Chains                                                ; On                 ; On                 ;
; Auto Open-Drain Pins                                             ; On                 ; On                 ;
; Perform WYSIWYG Primitive Resynthesis                            ; Off                ; Off                ;
; Auto ROM Replacement                                             ; On                 ; On                 ;
; Auto RAM Replacement                                             ; On                 ; On                 ;
; Auto DSP Block Replacement                                       ; On                 ; On                 ;
; Auto Shift Register Replacement                                  ; Auto               ; Auto               ;
; Allow Shift Register Merging across Hierarchies                  ; Auto               ; Auto               ;
; Auto Clock Enable Replacement                                    ; On                 ; On                 ;
; Strict RAM Replacement                                           ; Off                ; Off                ;
; Allow Synchronous Control Signals                                ; On                 ; On                 ;
; Force Use of Synchronous Clear Signals                           ; Off                ; Off                ;
; Auto RAM Block Balancing                                         ; On                 ; On                 ;
; Auto RAM to Logic Cell Conversion                                ; Off                ; Off                ;
; Auto Resource Sharing                                            ; Off                ; Off                ;
; Allow Any RAM Size For Recognition                               ; Off                ; Off                ;
; Allow Any ROM Size For Recognition                               ; Off                ; Off                ;
; Allow Any Shift Register Size For Recognition                    ; Off                ; Off                ;
; Use LogicLock Constraints during Resource Balancing              ; On                 ; On                 ;
; Ignore translate_off and synthesis_off directives                ; Off                ; Off                ;
; Timing-Driven Synthesis                                          ; On                 ; On                 ;
; Report Parameter Settings                                        ; On                 ; On                 ;
; Report Source Assignments                                        ; On                 ; On                 ;
; Report Connectivity Checks                                       ; On                 ; On                 ;
; Ignore Maximum Fan-Out Assignments                               ; Off                ; Off                ;
; Synchronization Register Chain Length                            ; 2                  ; 2                  ;
; Power Optimization During Synthesis                              ; Normal compilation ; Normal compilation ;
; HDL message level                                                ; Level2             ; Level2             ;
; Suppress Register Optimization Related Messages                  ; Off                ; Off                ;
; Number of Removed Registers Reported in Synthesis Report         ; 5000               ; 5000               ;
; Number of Swept Nodes Reported in Synthesis Report               ; 5000               ; 5000               ;
; Number of Inverted Registers Reported in Synthesis Report        ; 100                ; 100                ;
; Clock MUX Protection                                             ; On                 ; On                 ;
; Auto Gated Clock Conversion                                      ; Off                ; Off                ;
; Block Design Naming                                              ; Auto               ; Auto               ;
; SDC constraint protection                                        ; Off                ; Off                ;
; Synthesis Effort                                                 ; Auto               ; Auto               ;
; Shift Register Replacement - Allow Asynchronous Clear Signal     ; On                 ; On                 ;
; Pre-Mapping Resynthesis Optimization                             ; Off                ; Off                ;
; Analysis & Synthesis Message Level                               ; Medium             ; Medium             ;
; Disable Register Merging Across Hierarchies                      ; Auto               ; Auto               ;
; Resource Aware Inference For Block RAM                           ; On                 ; On                 ;
+------------------------------------------------------------------+--------------------+--------------------+


+------------------------------------------+
; Parallel Compilation                     ;
+----------------------------+-------------+
; Processors                 ; Number      ;
+----------------------------+-------------+
; Number detected on machine ; 4           ;
; Maximum allowed            ; 2           ;
;                            ;             ;
; Average used               ; 1.00        ;
; Maximum used               ; 2           ;
;                            ;             ;
; Usage by Processor         ; % Time Used ;
;     Processor 1            ; 100.0%      ;
;     Processor 2            ;   0.0%      ;
+----------------------------+-------------+


+--------------------------------------------------------------------------------------------------------------------------------------------------------------------------------------------------------------------------------------------------------------------------------+
; Analysis & Synthesis Source Files Read                                                                                                                                                                                                                                         ;
+----------------------------------+-----------------+------------------------+----------------------------------------------------------------------------------------------------------------------------------------------------------------------------------------+---------+
; File Name with User-Entered Path ; Used in Netlist ; File Type              ; File Name with Absolute Path                                                                                                                                                           ; Library ;
+----------------------------------+-----------------+------------------------+----------------------------------------------------------------------------------------------------------------------------------------------------------------------------------------+---------+
; serial.v                         ; yes             ; User Verilog HDL File  ; C:/Users/fpolo/Downloads/Franco/Courses/Coursera/CourseraFPGADesignforEmbeddedSystemsSpecialization/003FPGASoftcoresAndIPAcquisition/ModelSim/UsingModelSimVerilog/functional/serial.v ;         ;
+----------------------------------+-----------------+------------------------+----------------------------------------------------------------------------------------------------------------------------------------------------------------------------------------+---------+


+---------------------------------------------------------------------------------------+
; Analysis & Synthesis Resource Usage Summary                                           ;
+---------------------------------------------+-----------------------------------------+
; Resource                                    ; Usage                                   ;
+---------------------------------------------+-----------------------------------------+
; Estimated Total logic elements              ; 37                                      ;
;                                             ;                                         ;
; Total combinational functions               ; 37                                      ;
; Logic element usage by number of LUT inputs ;                                         ;
;     -- 4 input functions                    ; 20                                      ;
;     -- 3 input functions                    ; 12                                      ;
;     -- <=2 input functions                  ; 5                                       ;
;                                             ;                                         ;
; Logic elements by mode                      ;                                         ;
;     -- normal mode                          ; 37                                      ;
;     -- arithmetic mode                      ; 0                                       ;
;                                             ;                                         ;
; Total registers                             ; 32                                      ;
;     -- Dedicated logic registers            ; 32                                      ;
;     -- I/O registers                        ; 0                                       ;
;                                             ;                                         ;
; I/O pins                                    ; 28                                      ;
;                                             ;                                         ;
; Embedded Multiplier 9-bit elements          ; 0                                       ;
;                                             ;                                         ;
; Maximum fan-out node                        ; FSM:my_control|current_state.WAIT_STATE ;
; Maximum fan-out                             ; 32                                      ;
; Total fan-out                               ; 263                                     ;
; Average fan-out                             ; 2.10                                    ;
+---------------------------------------------+-----------------------------------------+


+------------------------------------------------------------------------------------------------------------------------------------------------------------------------------------------------------------------------------------------+
; Analysis & Synthesis Resource Utilization by Entity                                                                                                                                                                                      ;
+----------------------------+---------------------+---------------------------+-------------+------------+--------------+---------+-----------+------+--------------+------------+---------------------------+-------------+--------------+
; Compilation Hierarchy Node ; Combinational ALUTs ; Dedicated Logic Registers ; Memory Bits ; UFM Blocks ; DSP Elements ; DSP 9x9 ; DSP 18x18 ; Pins ; Virtual Pins ; ADC blocks ; Full Hierarchy Name       ; Entity Name ; Library Name ;
+----------------------------+---------------------+---------------------------+-------------+------------+--------------+---------+-----------+------+--------------+------------+---------------------------+-------------+--------------+
; |serial                    ; 37 (1)              ; 32 (1)                    ; 0           ; 0          ; 0            ; 0       ; 0         ; 28   ; 0            ; 0          ; |serial                   ; serial      ; work         ;
;    |FSM:my_control|        ; 11 (11)             ; 6 (6)                     ; 0           ; 0          ; 0            ; 0       ; 0         ; 0    ; 0            ; 0          ; |serial|FSM:my_control    ; FSM         ; work         ;
;    |shift_reg:reg_A|       ; 8 (8)               ; 8 (8)                     ; 0           ; 0          ; 0            ; 0       ; 0         ; 0    ; 0            ; 0          ; |serial|shift_reg:reg_A   ; shift_reg   ; work         ;
;    |shift_reg:reg_B|       ; 8 (8)               ; 8 (8)                     ; 0           ; 0          ; 0            ; 0       ; 0         ; 0    ; 0            ; 0          ; |serial|shift_reg:reg_B   ; shift_reg   ; work         ;
;    |shift_reg:reg_sum|     ; 9 (9)               ; 9 (9)                     ; 0           ; 0          ; 0            ; 0       ; 0         ; 0    ; 0            ; 0          ; |serial|shift_reg:reg_sum ; shift_reg   ; work         ;
+----------------------------+---------------------+---------------------------+-------------+------------+--------------+---------+-----------+------+--------------+------------+---------------------------+-------------+--------------+
Note: For table entries with two numbers listed, the numbers in parentheses indicate the number of resources of the given type used by the specific entity alone. The numbers listed outside of parentheses indicate the total resources of the given type used by the specific entity and all of its sub-entities in the hierarchy.


Encoding Type:  One-Hot
+----------------------------------------------------------------------------------------------------------+
; State Machine - |serial|FSM:my_control|current_state                                                     ;
+--------------------------+--------------------------+-------------------------+--------------------------+
; Name                     ; current_state.WORK_STATE ; current_state.END_STATE ; current_state.WAIT_STATE ;
+--------------------------+--------------------------+-------------------------+--------------------------+
; current_state.WAIT_STATE ; 0                        ; 0                       ; 0                        ;
; current_state.WORK_STATE ; 1                        ; 0                       ; 1                        ;
; current_state.END_STATE  ; 0                        ; 1                       ; 1                        ;
+--------------------------+--------------------------+-------------------------+--------------------------+


+-------------------------------------------------------------+
; Registers Removed During Synthesis                          ;
+----------------------------------------+--------------------+
; Register name                          ; Reason for Removal ;
+----------------------------------------+--------------------+
; FSM:my_control|current_state.END_STATE ; Lost fanout        ;
; Total Number of Removed Registers = 1  ;                    ;
+----------------------------------------+--------------------+


+------------------------------------------------------+
; General Register Statistics                          ;
+----------------------------------------------+-------+
; Statistic                                    ; Value ;
+----------------------------------------------+-------+
; Total registers                              ; 32    ;
; Number of registers using Synchronous Clear  ; 0     ;
; Number of registers using Synchronous Load   ; 0     ;
; Number of registers using Asynchronous Clear ; 6     ;
; Number of registers using Asynchronous Load  ; 0     ;
; Number of registers using Clock Enable       ; 30    ;
; Number of registers using Preset             ; 0     ;
+----------------------------------------------+-------+


+-------------------------------------------------------------------------------------------------------------------------------------------------+
; Multiplexer Restructuring Statistics (Restructuring Performed)                                                                                  ;
+--------------------+-----------+---------------+----------------------+------------------------+------------+-----------------------------------+
; Multiplexer Inputs ; Bus Width ; Baseline Area ; Area if Restructured ; Saving if Restructured ; Registered ; Example Multiplexer Output        ;
+--------------------+-----------+---------------+----------------------+------------------------+------------+-----------------------------------+
; 3:1                ; 4 bits    ; 8 LEs         ; 4 LEs                ; 4 LEs                  ; Yes        ; |serial|FSM:my_control|counter[3] ;
+--------------------+-----------+---------------+----------------------+------------------------+------------+-----------------------------------+


+-------------------------------------------------------------+
; Parameter Settings for User Entity Instance: FSM:my_control ;
+----------------+-------+------------------------------------+
; Parameter Name ; Value ; Type                               ;
+----------------+-------+------------------------------------+
; WAIT_STATE     ; 00    ; Unsigned Binary                    ;
; WORK_STATE     ; 01    ; Unsigned Binary                    ;
; END_STATE      ; 11    ; Unsigned Binary                    ;
+----------------+-------+------------------------------------+
Note: In order to hide this table in the UI and the text report file, please set the "Show Parameter Settings in Synthesis Report" option in "Analysis and Synthesis Settings -> More Settings" to "Off".


+--------------------------------------------------------------+
; Parameter Settings for User Entity Instance: shift_reg:reg_A ;
+----------------+-------+-------------------------------------+
; Parameter Name ; Value ; Type                                ;
+----------------+-------+-------------------------------------+
; n              ; 8     ; Signed Integer                      ;
+----------------+-------+-------------------------------------+
Note: In order to hide this table in the UI and the text report file, please set the "Show Parameter Settings in Synthesis Report" option in "Analysis and Synthesis Settings -> More Settings" to "Off".


+--------------------------------------------------------------+
; Parameter Settings for User Entity Instance: shift_reg:reg_B ;
+----------------+-------+-------------------------------------+
; Parameter Name ; Value ; Type                                ;
+----------------+-------+-------------------------------------+
; n              ; 8     ; Signed Integer                      ;
+----------------+-------+-------------------------------------+
Note: In order to hide this table in the UI and the text report file, please set the "Show Parameter Settings in Synthesis Report" option in "Analysis and Synthesis Settings -> More Settings" to "Off".


+----------------------------------------------------------------+
; Parameter Settings for User Entity Instance: shift_reg:reg_sum ;
+----------------+-------+---------------------------------------+
; Parameter Name ; Value ; Type                                  ;
+----------------+-------+---------------------------------------+
; n              ; 9     ; Signed Integer                        ;
+----------------+-------+---------------------------------------+
Note: In order to hide this table in the UI and the text report file, please set the "Show Parameter Settings in Synthesis Report" option in "Analysis and Synthesis Settings -> More Settings" to "Off".


+-----------------------------------------------+
; Port Connectivity Checks: "shift_reg:reg_sum" ;
+------+-------+----------+---------------------+
; Port ; Type  ; Severity ; Details             ;
+------+-------+----------+---------------------+
; data ; Input ; Info     ; Stuck at GND        ;
; load ; Input ; Info     ; Stuck at GND        ;
+------+-------+----------+---------------------+


+-------------------------------------------------------------------------------------------------------------------+
; Port Connectivity Checks: "shift_reg:reg_B"                                                                       ;
+---------+--------+----------+-------------------------------------------------------------------------------------+
; Port    ; Type   ; Severity ; Details                                                                             ;
+---------+--------+----------+-------------------------------------------------------------------------------------+
; reset   ; Input  ; Info     ; Stuck at GND                                                                        ;
; bit_in  ; Input  ; Info     ; Stuck at GND                                                                        ;
; q[7..1] ; Output ; Info     ; Connected to dangling logic. Logic that only feeds a dangling port will be removed. ;
+---------+--------+----------+-------------------------------------------------------------------------------------+


+-------------------------------------------------------------------------------------------------------------------+
; Port Connectivity Checks: "shift_reg:reg_A"                                                                       ;
+---------+--------+----------+-------------------------------------------------------------------------------------+
; Port    ; Type   ; Severity ; Details                                                                             ;
+---------+--------+----------+-------------------------------------------------------------------------------------+
; reset   ; Input  ; Info     ; Stuck at GND                                                                        ;
; bit_in  ; Input  ; Info     ; Stuck at GND                                                                        ;
; q[7..1] ; Output ; Info     ; Connected to dangling logic. Logic that only feeds a dangling port will be removed. ;
+---------+--------+----------+-------------------------------------------------------------------------------------+


+-----------------------------------------------------+
; Post-Synthesis Netlist Statistics for Top Partition ;
+-----------------------+-----------------------------+
; Type                  ; Count                       ;
+-----------------------+-----------------------------+
; boundary_port         ; 28                          ;
; cycloneiii_ff         ; 32                          ;
;     CLR               ; 2                           ;
;     ENA               ; 26                          ;
;     ENA CLR           ; 4                           ;
; cycloneiii_lcell_comb ; 37                          ;
;     normal            ; 37                          ;
;         2 data inputs ; 5                           ;
;         3 data inputs ; 12                          ;
;         4 data inputs ; 20                          ;
;                       ;                             ;
; Max LUT depth         ; 2.00                        ;
; Average LUT depth     ; 1.11                        ;
+-----------------------+-----------------------------+


+-------------------------------+
; Elapsed Time Per Partition    ;
+----------------+--------------+
; Partition Name ; Elapsed Time ;
+----------------+--------------+
; Top            ; 00:00:01     ;
+----------------+--------------+


+-------------------------------+
; Analysis & Synthesis Messages ;
+-------------------------------+
Info: *******************************************************************
Info: Running Quartus Prime Analysis & Synthesis
    Info: Version 18.1.0 Build 625 09/12/2018 SJ Lite Edition
    Info: Processing started: Mon Mar 22 12:14:33 2021
Info: Command: quartus_map --read_settings_files=on --write_settings_files=off serial -c serial
Warning (18236): Number of processors has not been specified which may cause overloading on shared machines.  Set the global assignment NUM_PARALLEL_PROCESSORS in your QSF to an appropriate value for best performance.
Info (20030): Parallel compilation is enabled and will use 2 of the 2 processors detected
Info (12021): Found 3 design units, including 3 entities, in source file serial.v
    Info (12023): Found entity 1: serial File: C:/Users/fpolo/Downloads/Franco/Courses/Coursera/CourseraFPGADesignforEmbeddedSystemsSpecialization/003FPGASoftcoresAndIPAcquisition/ModelSim/UsingModelSimVerilog/functional/serial.v Line: 2
    Info (12023): Found entity 2: shift_reg File: C:/Users/fpolo/Downloads/Franco/Courses/Coursera/CourseraFPGADesignforEmbeddedSystemsSpecialization/003FPGASoftcoresAndIPAcquisition/ModelSim/UsingModelSimVerilog/functional/serial.v Line: 37
    Info (12023): Found entity 3: FSM File: C:/Users/fpolo/Downloads/Franco/Courses/Coursera/CourseraFPGADesignforEmbeddedSystemsSpecialization/003FPGASoftcoresAndIPAcquisition/ModelSim/UsingModelSimVerilog/functional/serial.v Line: 63
Info (12127): Elaborating entity "serial" for the top level hierarchy
Info (12128): Elaborating entity "FSM" for hierarchy "FSM:my_control" File: C:/Users/fpolo/Downloads/Franco/Courses/Coursera/CourseraFPGADesignforEmbeddedSystemsSpecialization/003FPGASoftcoresAndIPAcquisition/ModelSim/UsingModelSimVerilog/functional/serial.v Line: 17
Info (12128): Elaborating entity "shift_reg" for hierarchy "shift_reg:reg_A" File: C:/Users/fpolo/Downloads/Franco/Courses/Coursera/CourseraFPGADesignforEmbeddedSystemsSpecialization/003FPGASoftcoresAndIPAcquisition/ModelSim/UsingModelSimVerilog/functional/serial.v Line: 20
Info (12128): Elaborating entity "shift_reg" for hierarchy "shift_reg:reg_sum" File: C:/Users/fpolo/Downloads/Franco/Courses/Coursera/CourseraFPGADesignforEmbeddedSystemsSpecialization/003FPGASoftcoresAndIPAcquisition/ModelSim/UsingModelSimVerilog/functional/serial.v Line: 33
Info (286030): Timing-Driven Synthesis is running
Info (17049): 1 registers lost all their fanouts during netlist optimizations.
Info (144001): Generated suppressed messages file C:/Users/fpolo/Downloads/Franco/Courses/Coursera/CourseraFPGADesignforEmbeddedSystemsSpecialization/003FPGASoftcoresAndIPAcquisition/ModelSim/UsingModelSimVerilog/functional/serial.map.smsg
Info (16010): Generating hard_block partition "hard_block:auto_generated_inst"
    Info (16011): Adding 0 node(s), including 0 DDIO, 0 PLL, 0 transceiver and 0 LCELL
Info (21057): Implemented 65 device resources after synthesis - the final resource count might be different
    Info (21058): Implemented 19 input pins
    Info (21059): Implemented 9 output pins
    Info (21061): Implemented 37 logic cells
Info: Quartus Prime Analysis & Synthesis was successful. 0 errors, 1 warning
    Info: Peak virtual memory: 4762 megabytes
    Info: Processing ended: Mon Mar 22 12:15:12 2021
    Info: Elapsed time: 00:00:39
    Info: Total CPU time (on all processors): 00:00:56


+------------------------------------------+
; Analysis & Synthesis Suppressed Messages ;
+------------------------------------------+
The suppressed messages can be found in C:/Users/fpolo/Downloads/Franco/Courses/Coursera/CourseraFPGADesignforEmbeddedSystemsSpecialization/003FPGASoftcoresAndIPAcquisition/ModelSim/UsingModelSimVerilog/functional/serial.map.smsg.


