18:36:58 **** Incremental Build of configuration Nios II for project HelloWorld ****
make all 
Info: Building ../HelloWorld_bsp/
C:/intelFPGA_lite/18.1/nios2eds/bin/gnu/H-x86_64-mingw32/bin/make --no-print-directory -C ../HelloWorld_bsp/
[BSP build complete]
Info: Compiling main.c to obj/default/main.o
nios2-elf-gcc -xc -MP -MMD -c -I../HelloWorld_bsp//HAL/inc -I../HelloWorld_bsp/ -I../HelloWorld_bsp//drivers/inc  -pipe -D__hal__ -DALT_NO_C_PLUS_PLUS -DALT_NO_INSTRUCTION_EMULATION -DALT_USE_SMALL_DRIVERS -DSMALL_C_LIB -DALT_SINGLE_THREADED    -O0 -g -Wall   -mno-hw-div -mno-hw-mul -mno-hw-mulx -mgpopt=global  -o obj/default/main.o main.c
Info: Linking HelloWorld.elf
nios2-elf-g++  -T'../HelloWorld_bsp//linker.x' -msys-crt0='../HelloWorld_bsp//obj/HAL/src/crt0.o' -msys-lib=hal_bsp -L../HelloWorld_bsp/  -msmallc  -Wl,-Map=HelloWorld.map   -O0 -g -Wall   -mno-hw-div -mno-hw-mul -mno-hw-mulx -mgpopt=global  -o HelloWorld.elf obj/default/main.o -lm -msys-lib=m
nios2-elf-insert HelloWorld.elf --thread_model hal --cpu_name nios --qsys true --simulation_enabled false --id 4660 --sidp 0xa0 --timestamp 1615654510 --stderr_dev jtag_uart --stdin_dev jtag_uart --stdout_dev jtag_uart --sopc_system_name nios_sys --quartus_project_dir "D:/Franco/Dokumenten/FPGA_VHDL_Verilog/CourseraFPGADesignforEmbeddedSystemsSpecialization/003FPGASoftcoresAndIPAcquisition/MAX1000_Verilog" --jdi ../..//output_files/nios_lab_top.jdi --sopcinfo D:/Franco/Dokumenten/FPGA_VHDL_Verilog/CourseraFPGADesignforEmbeddedSystemsSpecialization/003FPGASoftcoresAndIPAcquisition/MAX1000_Verilog/software/HelloWorld_bsp/../../nios_sys.sopcinfo
Info: (HelloWorld.elf) 13 KBytes program size (code + initialized data).
Info:                  1884 Bytes free for stack + heap.
Info: Creating HelloWorld.objdump
nios2-elf-objdump --disassemble --syms --all-header --source HelloWorld.elf >HelloWorld.objdump
[HelloWorld build complete]
18:37:17 **** Build of configuration Nios II for project HelloWorld ****
make all 
Info: Building ../HelloWorld_bsp/
C:/intelFPGA_lite/18.1/nios2eds/bin/gnu/H-x86_64-mingw32/bin/make --no-print-directory -C ../HelloWorld_bsp/
[BSP build complete]
[HelloWorld build complete]
18:37:19 **** Incremental Build of configuration Nios II for project HelloWorld ****
make all 
Info: Building ../HelloWorld_bsp/
C:/intelFPGA_lite/18.1/nios2eds/bin/gnu/H-x86_64-mingw32/bin/make --no-print-directory -C ../HelloWorld_bsp/
[BSP build complete]
[HelloWorld build complete]
